This is pdfTeX, Version 3.141592653-2.6-1.40.26 (MiKTeX 24.3.31) (preloaded format=pdflatex 2024.4.19)  5 JUL 2024 13:03
entering extended mode
 restricted \write18 enabled.
 file:line:error style messages enabled.
 %&-line parsing enabled.
**"c:/Users/bachi/Downloads/Rapport PFE/main.tex"
(c:/Users/bachi/Downloads/Rapport PFE/main.tex
LaTeX2e <2023-11-01> patch level 1
L3 programming layer <2024-03-14>
(C:\Users\bachi\AppData\Local\Programs\MiKTeX\tex/latex/base\report.cls
Document Class: report 2023/05/17 v1.4n Standard LaTeX document class
(C:\Users\bachi\AppData\Local\Programs\MiKTeX\tex/latex/base\size12.clo
File: size12.clo 2023/05/17 v1.4n Standard LaTeX file (size option)
)
\c@part=\count188
\c@chapter=\count189
\c@section=\count190
\c@subsection=\count191
\c@subsubsection=\count192
\c@paragraph=\count193
\c@subparagraph=\count194
\c@figure=\count195
\c@table=\count196
\abovecaptionskip=\skip48
\belowcaptionskip=\skip49
\bibindent=\dimen140
) (C:\Users\bachi\AppData\Local\Programs\MiKTeX\tex/latex/base\inputenc.sty
Package: inputenc 2021/02/14 v1.3d Input encoding file
\inpenc@prehook=\toks17
\inpenc@posthook=\toks18
) (C:\Users\bachi\AppData\Local\Programs\MiKTeX\tex/latex/arabtex\arabtex.sty (C:\Users\bachi\AppData\Local\Programs\MiKTeX\tex/latex/arabtex\aconfig.sty
LaTeX2e detected 
\a@moduledate=\count197
\a@maindate=\count198
)
Package: arabtex 2003/08/22  3.11 ArabTeX main module
 (C:\Users\bachi\AppData\Local\Programs\MiKTeX\tex/latex/arabtex\arabaux.sty
Package: arabaux 2003/05/21  3.11 auxiliary macros for ArabTeX
) (C:\Users\bachi\AppData\Local\Programs\MiKTeX\tex/latex/arabtex\acmd.sty
Package: acmd 2003/08/20  3.11 Arabic command processing 
) (C:\Users\bachi\AppData\Local\Programs\MiKTeX\tex/latex/arabtex\afonts.sty
Package: afonts 1995/11/16  3.04 define Naskh font 
 (C:\Users\bachi\AppData\Local\Programs\MiKTeX\tex/latex/arabtex\afonts2.sty
Package: afonts2 1998/10/19  3.10 define Naskh fonts for LaTeX2e
)) (C:\Users\bachi\AppData\Local\Programs\MiKTeX\tex/latex/arabtex\ascan.sty
Package: ascan 2003/08/22  3.11 standard ZDMG input encoding 
 (ArabTeX) scanner for code `arabtex' installed. (ArabTeX) input encoding set to ArabTeX standard conventions.) (C:\Users\bachi\AppData\Local\Programs\MiKTeX\tex/latex/arabtex\aparse.sty
Package: aparse 2003/05/26  3.11 get syllables 
) (C:\Users\bachi\AppData\Local\Programs\MiKTeX\tex/latex/arabtex\awrite.sty
Package: awrite 2003/06/05  3.11 build output word 
 (C:\Users\bachi\AppData\Local\Programs\MiKTeX\tex/latex/arabtex\xarbsymb.sty
Package: xarbsymb 1998/07/15  3.07 symbolic output encoding 
) (C:\Users\bachi\AppData\Local\Programs\MiKTeX\tex/latex/arabtex\arabskel.sty
Package: arabskel 2000/06/04  3.10 character skeleton definitions 
) (C:\Users\bachi\AppData\Local\Programs\MiKTeX\tex/latex/arabtex\xarbskel.sty
Package: xarbskel 1999/07/17  3.09 character skeleton definitions 
) (C:\Users\bachi\AppData\Local\Programs\MiKTeX\tex/latex/arabtex\aboxes.sty
Package: aboxes 2003/05/28  3.11 build output boxes
) (C:\Users\bachi\AppData\Local\Programs\MiKTeX\tex/latex/arabtex\arabtoks.sty
Package: arabtoks 1999/07/17  3.09 ArabTeX CS token definitions 
) (C:\Users\bachi\AppData\Local\Programs\MiKTeX\tex/latex/arabtex\arabchrs.sty
Package: arabchrs 1998/07/11  3.07 letter token definitions 
)) (C:\Users\bachi\AppData\Local\Programs\MiKTeX\tex/latex/arabtex\aligs.sty
Package: aligs 2003/05/26  3.11 compute ligatures
) (C:\Users\bachi\AppData\Local\Programs\MiKTeX\tex/latex/arabtex\aoutput.sty
Package: aoutput 2000/06/04  3.10 build output lines
) (C:\Users\bachi\AppData\Local\Programs\MiKTeX\tex/latex/arabtex\abidir.sty
Package: abidir 2003/08/22  3.11 bidirectional linebreaking
) (C:\Users\bachi\AppData\Local\Programs\MiKTeX\tex/latex/arabtex\atrans.sty
Package: atrans 2003/06/14  3.11 generate the transliteration 
 (ArabTeX) ZDMG transliteration.) (C:\Users\bachi\AppData\Local\Programs\MiKTeX\tex/latex/arabtex\alatex.sty
Package: alatex 2003/05/04  3.11 ArabTeX extensions for LaTeX 
 (C:\Users\bachi\AppData\Local\Programs\MiKTeX\tex/latex/arabtex\afoot.sty
Package: afoot 2003/05/12  3.11 ArabTeX footnotes
)) (C:\Users\bachi\AppData\Local\Programs\MiKTeX\tex/latex/arabtex\abjad.sty
Package: abjad 2003/04/26  3.11 abjad numerals 
) (C:\Users\bachi\AppData\Local\Programs\MiKTeX\tex/latex/arabtex\apatch.sty (C:\Users\bachi\AppData\Local\Programs\MiKTeX\tex/latex/arabtex\alists.sty
Package: alists 2003/04/26  3.11 inverted list macros
) (C:\Users\bachi\AppData\Local\Programs\MiKTeX\tex/latex/arabtex\asect.sty
Package: asect 2003/04/26  3.11 section macros for Arabic
) (C:\Users\bachi\AppData\Local\Programs\MiKTeX\tex/latex/arabtex\atabg.sty
Package: atabg 1997/01/21  3.05 LaTeX tabbing macros for Arabic
) (C:\Users\bachi\AppData\Local\Programs\MiKTeX\tex/latex/arabtex\alocal.sty (ArabTeX) 3.11 local stub, 26.02.2006)
Package: apatch 2006/07/02  3.11s last minute patches 
)
Arabic processor `ArabTeX' [20060702 patch level 3.11s (02.07.2006)]
(ArabTeX) ... now be patient ... ) (C:\Users\bachi\AppData\Local\Programs\MiKTeX\tex/latex/arabtex\utf8.sty (C:\Users\bachi\AppData\Local\Programs\MiKTeX\tex/latex/arabtex\utfcode.sty
Package: utfcode 2002/03/07  3.10a Arabic+Hebrew segment of UTF-8
\u@lb=\count294
\u@lq=\count295
)
Package: utf8 2000/06/13  3.10 UTF-8 input encoding 
 (ArabTeX) scanner for code UTF-8 installed.) (ArabTeX) input encoding set to UTF-8 conventions (C:\Users\bachi\AppData\Local\Programs\MiKTeX\tex/latex/nomencl\nomencl.sty
Package: nomencl 2021/11/10 v5.6 Nomenclature package
 (C:\Users\bachi\AppData\Local\Programs\MiKTeX\tex/latex/xkeyval\xkeyval.sty
Package: xkeyval 2022/06/16 v2.9 package option processing (HA)
 (C:\Users\bachi\AppData\Local\Programs\MiKTeX\tex/generic/xkeyval\xkeyval.tex (C:\Users\bachi\AppData\Local\Programs\MiKTeX\tex/generic/xkeyval\xkvutils.tex
\XKV@toks=\toks39
\XKV@tempa@toks=\toks40
 (C:\Users\bachi\AppData\Local\Programs\MiKTeX\tex/generic/xkeyval\keyval.tex))
\XKV@depth=\count296
File: xkeyval.tex 2014/12/03 v2.7a key=value parser (HA)
)) (C:\Users\bachi\AppData\Local\Programs\MiKTeX\tex/latex/base\ifthen.sty
Package: ifthen 2022/04/13 v1.1d Standard LaTeX ifthen package (DPC)
) (C:\Users\bachi\AppData\Local\Programs\MiKTeX\tex/latex/koma-script\tocbasic.sty
Package: tocbasic 2023/07/07 v3.41 KOMA-Script package (handling toc-files)
 (C:\Users\bachi\AppData\Local\Programs\MiKTeX\tex/latex/koma-script\scrbase.sty
Package: scrbase 2023/07/07 v3.41 KOMA-Script package (KOMA-Script-independent basics and keyval usage)
 (C:\Users\bachi\AppData\Local\Programs\MiKTeX\tex/latex/koma-script\scrlfile.sty
Package: scrlfile 2023/07/07 v3.41 KOMA-Script package (file load hooks)
 (C:\Users\bachi\AppData\Local\Programs\MiKTeX\tex/latex/koma-script\scrlfile-hook.sty
Package: scrlfile-hook 2023/07/07 v3.41 KOMA-Script package (using LaTeX hooks)
 (C:\Users\bachi\AppData\Local\Programs\MiKTeX\tex/latex/koma-script\scrlogo.sty
Package: scrlogo 2023/07/07 v3.41 KOMA-Script package (logo)
)))
Applying: [2021/05/01] Usage of raw or classic option list on input line 252.
Already applied: [0000/00/00] Usage of raw or classic option list on input line 368.
)
\scr@dte@tocline@numberwidth=\skip52
\scr@dte@tocline@numbox=\box66
)
Package tocbasic Info: omitting babel extension for `nlo'
(tocbasic)             because of missing \bbl@set@language on input line 187.
Package tocbasic Info: omitting babel extension for `nls'
(tocbasic)             because of missing \bbl@set@language on input line 188.
\nomlabelwidth=\dimen163
\nom@tempdim=\dimen164
\nomitemsep=\skip53
) (C:\Users\bachi\AppData\Local\Programs\MiKTeX\tex/latex/float\float.sty
Package: float 2001/11/08 v1.3d Float enhancements (AL)
\c@float@type=\count297
\float@exts=\toks41
\float@box=\box67
\@float@everytoks=\toks42
\@floatcapt=\box68
) (C:\Users\bachi\AppData\Local\Programs\MiKTeX\tex/latex/graphics\graphicx.sty
Package: graphicx 2021/09/16 v1.2d Enhanced LaTeX Graphics (DPC,SPQR)
 (C:\Users\bachi\AppData\Local\Programs\MiKTeX\tex/latex/graphics\graphics.sty
Package: graphics 2022/03/10 v1.4e Standard LaTeX Graphics (DPC,SPQR)
 (C:\Users\bachi\AppData\Local\Programs\MiKTeX\tex/latex/graphics\trig.sty
Package: trig 2021/08/11 v1.11 sin cos tan (DPC)
) (C:\Users\bachi\AppData\Local\Programs\MiKTeX\tex/latex/graphics-cfg\graphics.cfg
File: graphics.cfg 2016/06/04 v1.11 sample graphics configuration
)
Package graphics Info: Driver file: pdftex.def on input line 107.
 (C:\Users\bachi\AppData\Local\Programs\MiKTeX\tex/latex/graphics-def\pdftex.def
File: pdftex.def 2022/09/22 v1.2b Graphics/color driver for pdftex
))
\Gin@req@height=\dimen165
\Gin@req@width=\dimen166
) (C:\Users\bachi\AppData\Local\Programs\MiKTeX\tex/latex/caption\subcaption.sty
Package: subcaption 2023/07/28 v1.6b Sub-captions (AR)
 (C:\Users\bachi\AppData\Local\Programs\MiKTeX\tex/latex/caption\caption.sty
Package: caption 2023/08/05 v3.6o Customizing captions (AR)
 (C:\Users\bachi\AppData\Local\Programs\MiKTeX\tex/latex/caption\caption3.sty
Package: caption3 2023/07/31 v2.4d caption3 kernel (AR)
\caption@tempdima=\dimen167
\captionmargin=\dimen168
\caption@leftmargin=\dimen169
\caption@rightmargin=\dimen170
\caption@width=\dimen171
\caption@indent=\dimen172
\caption@parindent=\dimen173
\caption@hangindent=\dimen174
Package caption Info: Standard document class detected.
)
\c@caption@flags=\count298
\c@continuedfloat=\count299
Package caption Info: float package is loaded.
)
Package caption Info: New subtype `subfigure' on input line 238.
\c@subfigure=\count300
Package caption Info: New subtype `subtable' on input line 238.
\c@subtable=\count301
) (C:\Users\bachi\AppData\Local\Programs\MiKTeX\tex/latex/hyperref\hyperref.sty
Package: hyperref 2024-01-20 v7.01h Hypertext links for LaTeX
 (C:\Users\bachi\AppData\Local\Programs\MiKTeX\tex/generic/iftex\iftex.sty
Package: iftex 2022/02/03 v1.0f TeX engine tests
) (C:\Users\bachi\AppData\Local\Programs\MiKTeX\tex/latex/kvsetkeys\kvsetkeys.sty
Package: kvsetkeys 2022-10-05 v1.19 Key value parser (HO)
) (C:\Users\bachi\AppData\Local\Programs\MiKTeX\tex/generic/kvdefinekeys\kvdefinekeys.sty
Package: kvdefinekeys 2019-12-19 v1.6 Define keys (HO)
) (C:\Users\bachi\AppData\Local\Programs\MiKTeX\tex/generic/pdfescape\pdfescape.sty
Package: pdfescape 2019/12/09 v1.15 Implements pdfTeX's escape features (HO)
 (C:\Users\bachi\AppData\Local\Programs\MiKTeX\tex/generic/ltxcmds\ltxcmds.sty
Package: ltxcmds 2023-12-04 v1.26 LaTeX kernel commands for general use (HO)
) (C:\Users\bachi\AppData\Local\Programs\MiKTeX\tex/generic/pdftexcmds\pdftexcmds.sty
Package: pdftexcmds 2020-06-27 v0.33 Utility functions of pdfTeX for LuaTeX (HO)
 (C:\Users\bachi\AppData\Local\Programs\MiKTeX\tex/generic/infwarerr\infwarerr.sty
Package: infwarerr 2019/12/03 v1.5 Providing info/warning/error messages (HO)
)
Package pdftexcmds Info: \pdf@primitive is available.
Package pdftexcmds Info: \pdf@ifprimitive is available.
Package pdftexcmds Info: \pdfdraftmode found.
)) (C:\Users\bachi\AppData\Local\Programs\MiKTeX\tex/latex/hycolor\hycolor.sty
Package: hycolor 2020-01-27 v1.10 Color options for hyperref/bookmark (HO)
) (C:\Users\bachi\AppData\Local\Programs\MiKTeX\tex/latex/auxhook\auxhook.sty
Package: auxhook 2019-12-17 v1.6 Hooks for auxiliary files (HO)


Package auxhook Warning: Cannot patch \document,
(auxhook)                using \AtBeginDocument instead.

) (C:\Users\bachi\AppData\Local\Programs\MiKTeX\tex/latex/hyperref\nameref.sty
Package: nameref 2023-11-26 v2.56 Cross-referencing by name of section
 (C:\Users\bachi\AppData\Local\Programs\MiKTeX\tex/latex/refcount\refcount.sty
Package: refcount 2019/12/15 v3.6 Data extraction from label references (HO)
) (C:\Users\bachi\AppData\Local\Programs\MiKTeX\tex/generic/gettitlestring\gettitlestring.sty
Package: gettitlestring 2019/12/15 v1.6 Cleanup title references (HO)
 (C:\Users\bachi\AppData\Local\Programs\MiKTeX\tex/latex/kvoptions\kvoptions.sty
Package: kvoptions 2022-06-15 v3.15 Key value format for package options (HO)
))
\c@section@level=\count302
) (C:\Users\bachi\AppData\Local\Programs\MiKTeX\tex/latex/etoolbox\etoolbox.sty
Package: etoolbox 2020/10/05 v2.5k e-TeX tools for LaTeX (JAW)
\etb@tempcnta=\count303
)
\@linkdim=\dimen175
\Hy@linkcounter=\count304
\Hy@pagecounter=\count305
 (C:\Users\bachi\AppData\Local\Programs\MiKTeX\tex/latex/hyperref\pd1enc.def
File: pd1enc.def 2024-01-20 v7.01h Hyperref: PDFDocEncoding definition (HO)
Now handling font encoding PD1 ...
... no UTF-8 mapping file for font encoding PD1
) (C:\Users\bachi\AppData\Local\Programs\MiKTeX\tex/generic/intcalc\intcalc.sty
Package: intcalc 2019/12/15 v1.3 Expandable calculations with integers (HO)
)
\Hy@SavedSpaceFactor=\count306
 (C:\Users\bachi\AppData\Local\Programs\MiKTeX\tex/latex/hyperref\puenc.def
File: puenc.def 2024-01-20 v7.01h Hyperref: PDF Unicode definition (HO)
Now handling font encoding PU ...
... no UTF-8 mapping file for font encoding PU
)
Package hyperref Info: Hyper figures OFF on input line 4179.
Package hyperref Info: Link nesting OFF on input line 4184.
Package hyperref Info: Hyper index ON on input line 4187.
Package hyperref Info: Plain pages OFF on input line 4194.
Package hyperref Info: Backreferencing OFF on input line 4199.
Package hyperref Info: Implicit mode ON; LaTeX internals redefined.
Package hyperref Info: Bookmarks ON on input line 4446.
\c@Hy@tempcnt=\count307
 (C:\Users\bachi\AppData\Local\Programs\MiKTeX\tex/latex/url\url.sty
\Urlmuskip=\muskip16
Package: url 2013/09/16  ver 3.4  Verb mode for urls, etc.
)
LaTeX Info: Redefining \url on input line 4784.
\XeTeXLinkMargin=\dimen176
 (C:\Users\bachi\AppData\Local\Programs\MiKTeX\tex/generic/bitset\bitset.sty
Package: bitset 2019/12/09 v1.3 Handle bit-vector datatype (HO)
 (C:\Users\bachi\AppData\Local\Programs\MiKTeX\tex/generic/bigintcalc\bigintcalc.sty
Package: bigintcalc 2019/12/15 v1.5 Expandable calculations on big integers (HO)
))
\Fld@menulength=\count308
\Field@Width=\dimen177
\Fld@charsize=\dimen178
Package hyperref Info: Hyper figures OFF on input line 6063.
Package hyperref Info: Link nesting OFF on input line 6068.
Package hyperref Info: Hyper index ON on input line 6071.
Package hyperref Info: backreferencing OFF on input line 6078.
Package hyperref Info: Link coloring OFF on input line 6083.
Package hyperref Info: Link coloring with OCG OFF on input line 6088.
Package hyperref Info: PDF/A mode OFF on input line 6093.
 (C:\Users\bachi\AppData\Local\Programs\MiKTeX\tex/latex/base\atbegshi-ltx.sty
Package: atbegshi-ltx 2021/01/10 v1.0c Emulation of the original atbegshi
package with kernel methods
)
\Hy@abspage=\count309
\c@Item=\count310
\c@Hfootnote=\count311
)
Package hyperref Info: Driver (autodetected): hpdftex.
 (C:\Users\bachi\AppData\Local\Programs\MiKTeX\tex/latex/hyperref\hpdftex.def
File: hpdftex.def 2024-01-20 v7.01h Hyperref driver for pdfTeX
 (C:\Users\bachi\AppData\Local\Programs\MiKTeX\tex/latex/base\atveryend-ltx.sty
Package: atveryend-ltx 2020/08/19 v1.0a Emulation of the original atveryend package
with kernel methods
)
\Fld@listcount=\count312
\c@bookmark@seq@number=\count313
 (C:\Users\bachi\AppData\Local\Programs\MiKTeX\tex/latex/rerunfilecheck\rerunfilecheck.sty
Package: rerunfilecheck 2022-07-10 v1.10 Rerun checks for auxiliary files (HO)
 (C:\Users\bachi\AppData\Local\Programs\MiKTeX\tex/generic/uniquecounter\uniquecounter.sty
Package: uniquecounter 2019/12/15 v1.4 Provide unlimited unique counter (HO)
)
Package uniquecounter Info: New unique counter `rerunfilecheck' on input line 285.
)
\Hy@SectionHShift=\skip54
) (C:\Users\bachi\AppData\Local\Programs\MiKTeX\tex/latex/tools\longtable.sty
Package: longtable 2023-11-01 v4.19 Multi-page Table package (DPC)
\LTleft=\skip55
\LTright=\skip56
\LTpre=\skip57
\LTpost=\skip58
\LTchunksize=\count314
\LTcapwidth=\dimen179
\LT@head=\box69
\LT@firsthead=\box70
\LT@foot=\box71
\LT@lastfoot=\box72
\LT@gbox=\box73
\LT@cols=\count315
\LT@rows=\count316
\c@LT@tables=\count317
\c@LT@chunks=\count318
\LT@p@ftn=\toks43
) (C:\Users\bachi\AppData\Local\Programs\MiKTeX\tex/latex/eso-pic\eso-pic.sty
Package: eso-pic 2023/05/03 v3.0c eso-pic (RN)
\ESO@tempdima=\dimen180
\ESO@tempdimb=\dimen181
 (C:\Users\bachi\AppData\Local\Programs\MiKTeX\tex/latex/xcolor\xcolor.sty
Package: xcolor 2023/11/15 v3.01 LaTeX color extensions (UK)
 (C:\Users\bachi\AppData\Local\Programs\MiKTeX\tex/latex/graphics-cfg\color.cfg
File: color.cfg 2016/01/02 v1.6 sample color configuration
)
Package xcolor Info: Driver file: pdftex.def on input line 274.
 (C:\Users\bachi\AppData\Local\Programs\MiKTeX\tex/latex/graphics\mathcolor.ltx)
Package xcolor Info: Model `cmy' substituted by `cmy0' on input line 1350.
Package xcolor Info: Model `hsb' substituted by `rgb' on input line 1354.
Package xcolor Info: Model `RGB' extended on input line 1366.
Package xcolor Info: Model `HTML' substituted by `rgb' on input line 1368.
Package xcolor Info: Model `Hsb' substituted by `hsb' on input line 1369.
Package xcolor Info: Model `tHsb' substituted by `hsb' on input line 1370.
Package xcolor Info: Model `HSB' substituted by `hsb' on input line 1371.
Package xcolor Info: Model `Gray' substituted by `gray' on input line 1372.
Package xcolor Info: Model `wave' substituted by `hsb' on input line 1373.
)) (C:\Users\bachi\AppData\Local\Programs\MiKTeX\tex/latex/fancyhdr\fancyhdr.sty
Package: fancyhdr 2022/11/09 v4.1 Extensive control of page headers and footers
\f@nch@headwidth=\skip59
\f@nch@O@elh=\skip60
\f@nch@O@erh=\skip61
\f@nch@O@olh=\skip62
\f@nch@O@orh=\skip63
\f@nch@O@elf=\skip64
\f@nch@O@erf=\skip65
\f@nch@O@olf=\skip66
\f@nch@O@orf=\skip67
) (C:\Users\bachi\AppData\Local\Programs\MiKTeX\tex/latex/titlesec\titlesec.sty
Package: titlesec 2023/10/27 v2.16 Sectioning titles
\ttl@box=\box74
\beforetitleunit=\skip68
\aftertitleunit=\skip69
\ttl@plus=\dimen182
\ttl@minus=\dimen183
\ttl@toksa=\toks44
\titlewidth=\dimen184
\titlewidthlast=\dimen185
\titlewidthfirst=\dimen186
) (C:\Users\bachi\AppData\Local\Programs\MiKTeX\tex/latex/tools\tabularx.sty
Package: tabularx 2023/07/08 v2.11c `tabularx' package (DPC)
 (C:\Users\bachi\AppData\Local\Programs\MiKTeX\tex/latex/tools\array.sty
Package: array 2023/10/16 v2.5g Tabular extension package (FMi)
\col@sep=\dimen187
\ar@mcellbox=\box75
\extrarowheight=\dimen188
\NC@list=\toks45
\extratabsurround=\skip70
\backup@length=\skip71
\ar@cellbox=\box76
)
\TX@col@width=\dimen189
\TX@old@table=\dimen190
\TX@old@col=\dimen191
\TX@target=\dimen192
\TX@delta=\dimen193
\TX@cols=\count319
\TX@ftn=\toks46
) (C:\Users\bachi\AppData\Local\Programs\MiKTeX\tex/latex/colortbl\colortbl.sty
Package: colortbl 2024/02/20 v1.0g Color table columns (DPC)
\everycr=\toks47
\minrowclearance=\skip72
\rownum=\count320
) (C:\Users\bachi\AppData\Local\Programs\MiKTeX\tex/latex/pbox\pbox.sty
Package: pbox 2011/12/07 v1.2 Dynamic parboxes
 (C:\Users\bachi\AppData\Local\Programs\MiKTeX\tex/latex/tools\calc.sty
Package: calc 2023/07/08 v4.3 Infix arithmetic (KKT,FJ)
\calc@Acount=\count321
\calc@Bcount=\count322
\calc@Adimen=\dimen194
\calc@Bdimen=\dimen195
\calc@Askip=\skip73
\calc@Bskip=\skip74
LaTeX Info: Redefining \setlength on input line 80.
LaTeX Info: Redefining \addtolength on input line 81.
\calc@Ccount=\count323
\calc@Cskip=\skip75
)
\pb@xlen=\skip76
) (C:\Users\bachi\AppData\Local\Programs\MiKTeX\tex/latex/placeins\placeins.sty
Package: placeins 2005/04/18  v 2.2
) (C:\Users\bachi\AppData\Local\Programs\MiKTeX\tex/latex/setspace\setspace.sty
Package: setspace 2022/12/04 v6.7b set line spacing
) (C:\Users\bachi\AppData\Local\Programs\MiKTeX\tex/generic/babel\babel.sty
Package: babel 2024/03/29 v24.3 The Babel package
\babel@savecnt=\count324
\U@D=\dimen196
\l@unhyphenated=\language79
 (C:\Users\bachi\AppData\Local\Programs\MiKTeX\tex/generic/babel\txtbabel.def)
\bbl@readstream=\read2
\bbl@dirlevel=\count325

*************************************
* Local config file bblopts.cfg used
*
(C:\Users\bachi\AppData\Local\Programs\MiKTeX\tex/latex/arabi\bblopts.cfg
File: bblopts.cfg 2005/09/08 v0.1 add Arabic and Farsi to "declared" options of babel
) (C:\Users\bachi\AppData\Local\Programs\MiKTeX\tex/generic/babel-french\french.ldf
Language: french 2024-02-29 v3.5s French support from the babel system
Package babel Info: Hyphen rules for 'acadian' set to \l@french
(babel)             (\language22). Reported on input line 91.
Package babel Info: Hyphen rules for 'canadien' set to \l@french
(babel)             (\language22). Reported on input line 92.
\FB@stdchar=\count326
Package babel Info: Making : an active character on input line 420.
Package babel Info: Making ; an active character on input line 421.
Package babel Info: Making ! an active character on input line 422.
Package babel Info: Making ? an active character on input line 423.
\FBguill@level=\count327
\FBold@everypar=\toks48
\FB@Mht=\dimen197
\mc@charclass=\count328
\mc@charfam=\count329
\mc@charslot=\count330
\std@mcc=\count331
\dec@mcc=\count332
\FB@parskip=\dimen198
\listindentFB=\dimen199
\descindentFB=\dimen256
\labelindentFB=\dimen257
\labelwidthFB=\dimen258
\leftmarginFB=\dimen259
\parindentFFN=\dimen260
\FBfnindent=\dimen261
)) (C:\Users\bachi\AppData\Local\Programs\MiKTeX\tex/generic/babel/locale/fr\babel-french.tex
Package babel Info: Importing font and identification data for french
(babel)             from babel-fr.ini. Reported on input line 11.
) (C:\Users\bachi\AppData\Local\Programs\MiKTeX\tex/latex/carlisle\scalefnt.sty)
Package babel Info: Importing data for arabic
(babel)             from babel-ar.ini. Reported on input line 25.
Package babel Info: Hyphen rules for 'arabic' set to \l@french
(babel)             (\language22). Reported on input line 25.
 (C:\Users\bachi\AppData\Local\Programs\MiKTeX\tex/generic/babel\babel-ca-islamic.tex) (C:\Users\bachi\AppData\Local\Programs\MiKTeX\tex/latex/geometry\geometry.sty
Package: geometry 2020/01/02 v5.9 Page Geometry
 (C:\Users\bachi\AppData\Local\Programs\MiKTeX\tex/generic/iftex\ifvtex.sty
Package: ifvtex 2019/10/25 v1.7 ifvtex legacy package. Use iftex instead.
)
\Gm@cnth=\count333
\Gm@cntv=\count334
\c@Gm@tempcnt=\count335
\Gm@bindingoffset=\dimen262
\Gm@wd@mp=\dimen263
\Gm@odd@mp=\dimen264
\Gm@even@mp=\dimen265
\Gm@layoutwidth=\dimen266
\Gm@layoutheight=\dimen267
\Gm@layouthoffset=\dimen268
\Gm@layoutvoffset=\dimen269
\Gm@dimlist=\toks49
 (C:\Users\bachi\AppData\Local\Programs\MiKTeX\tex/latex/geometry\geometry.cfg))
\@nomenclaturefile=\write5
\openout5 = `main.nlo'.

Package nomencl Info: Writing nomenclature file main.nlo on input line 46.
 (C:\Users\bachi\AppData\Local\Programs\MiKTeX\tex/latex/l3backend\l3backend-pdftex.def
File: l3backend-pdftex.def 2024-03-14 L3 backend support: PDF output (pdfTeX)
\l__color_backend_stack_int=\count336
\l__pdf_internal_box=\box77
) (main.aux (Chapters/cover-page.aux) (Chapters/Dedicace.aux) (Chapters/Remerciements.aux) (Chapters/molkhas.aux) (Chapters/Resume.aux) (Chapters/Abstract.aux) (Chapters/acronyms.aux) (Chapters/Introduction.aux) (Chapters/chapter1.aux

LaTeX Warning: Label `fig:gantt' multiply defined.

) (Chapters/chapter2.aux) (Chapters/chapitre3.aux) (Chapters/chapitre4.aux

LaTeX Warning: Label `fig:gitlab' multiply defined.


LaTeX Warning: Label `fig:accueil' multiply defined.


LaTeX Warning: Label `fig:listOffers' multiply defined.


LaTeX Warning: Label `fig:listOffers' multiply defined.


LaTeX Warning: Label `fig:listOffers' multiply defined.


LaTeX Warning: Label `fig:listOffers' multiply defined.


LaTeX Warning: Label `fig:listOffers' multiply defined.

) (Chapters/conclusion.aux) (Chapters/bib.aux))
\openout1 = `main.aux'.

LaTeX Font Info:    Checking defaults for OML/cmm/m/it on input line 50.
LaTeX Font Info:    ... okay on input line 50.
LaTeX Font Info:    Checking defaults for OMS/cmsy/m/n on input line 50.
LaTeX Font Info:    ... okay on input line 50.
LaTeX Font Info:    Checking defaults for OT1/cmr/m/n on input line 50.
LaTeX Font Info:    ... okay on input line 50.
LaTeX Font Info:    Checking defaults for T1/cmr/m/n on input line 50.
LaTeX Font Info:    ... okay on input line 50.
LaTeX Font Info:    Checking defaults for TS1/cmr/m/n on input line 50.
LaTeX Font Info:    ... okay on input line 50.
LaTeX Font Info:    Checking defaults for OMX/cmex/m/n on input line 50.
LaTeX Font Info:    ... okay on input line 50.
LaTeX Font Info:    Checking defaults for U/cmr/m/n on input line 50.
LaTeX Font Info:    ... okay on input line 50.
LaTeX Font Info:    Checking defaults for PD1/pdf/m/n on input line 50.
LaTeX Font Info:    ... okay on input line 50.
LaTeX Font Info:    Checking defaults for PU/pdf/m/n on input line 50.
LaTeX Font Info:    ... okay on input line 50.
 (C:\Users\bachi\AppData\Local\Programs\MiKTeX\tex/context/base/mkii\supp-pdf.mkii
[Loading MPS to PDF converter (version 2006.09.02).]
\scratchcounter=\count337
\scratchdimen=\dimen270
\scratchbox=\box78
\nofMPsegments=\count338
\nofMParguments=\count339
\everyMPshowfont=\toks50
\MPscratchCnt=\count340
\MPscratchDim=\dimen271
\MPnumerator=\count341
\makeMPintoPDFobject=\count342
\everyMPtoPDFconversion=\toks51
) (C:\Users\bachi\AppData\Local\Programs\MiKTeX\tex/latex/epstopdf-pkg\epstopdf-base.sty
Package: epstopdf-base 2020-01-24 v2.11 Base part for package epstopdf
Package epstopdf-base Info: Redefining graphics rule for `.eps' on input line 485.
 (C:\Users\bachi\AppData\Local\Programs\MiKTeX\tex/latex/00miktex\epstopdf-sys.cfg
File: epstopdf-sys.cfg 2021/03/18 v2.0 Configuration of epstopdf for MiKTeX
))
Package caption Info: Begin \AtBeginDocument code.
Package caption Info: french babel package is loaded.
Package caption Info: hyperref package is loaded.
Package caption Info: longtable package is loaded.
 (C:\Users\bachi\AppData\Local\Programs\MiKTeX\tex/latex/caption\ltcaption.sty
Package: ltcaption 2021/01/08 v1.4c longtable captions (AR)
)
Package caption Info: End \AtBeginDocument code.
Package hyperref Info: Link coloring OFF on input line 50.
 (main.out) (main.out)
\@outlinefile=\write6
\openout6 = `main.out'.

LaTeX Info: Redefining \degres on input line 50.
LaTeX Info: Redefining \up on input line 50.


Package french.ldf Warning: OT1 encoding should not be used for French.
(french.ldf)                Add \usepackage[T1]{fontenc} to the preamble
(french.ldf)                of your document; reported on input line 50.

*geometry* driver: auto-detecting
*geometry* detected driver: pdftex
*geometry* verbose mode - [ preamble ] result:
* driver: pdftex
* paper: a4paper
* layout: <same size as paper>
* layoutoffset:(h,v)=(0.0pt,0.0pt)
* modes: 
* h-part:(L,W,R)=(50.58878pt, 496.33032pt, 50.58878pt)
* v-part:(T,H,B)=(43.36243pt, 758.32199pt, 43.36243pt)
* \paperwidth=597.50787pt
* \paperheight=845.04684pt
* \textwidth=496.33032pt
* \textheight=758.32199pt
* \oddsidemargin=-21.68121pt
* \evensidemargin=-21.68121pt
* \topmargin=-65.90756pt
* \headheight=12.0pt
* \headsep=25.0pt
* \topskip=12.0pt
* \footskip=30.0pt
* \marginparwidth=35.0pt
* \marginparsep=10.0pt
* \columnsep=10.0pt
* \skip\footins=10.8pt plus 4.0pt minus 2.0pt
* \hoffset=0.0pt
* \voffset=0.0pt
* \mag=1000
* \@twocolumnfalse
* \@twosidefalse
* \@mparswitchfalse
* \@reversemarginfalse
* (1in=72.27pt=25.4mm, 1cm=28.453pt)

(C:\Users\bachi\AppData\Local\Programs\MiKTeX\tex/latex/arabtex\apatch.sty
\a@lines=\count343
\a@Lwidth=\dimen272
\a@displaywidth=\dimen273
 (C:\Users\bachi\AppData\Local\Programs\MiKTeX\tex/latex/arabtex\alocal.sty (ArabTeX) 3.11 local stub, 26.02.2006) (ArabTeX) version 3.11s (02.07.2006): second phase of patching)
\openout2 = `Chapters/cover-page.aux'.

 (Chapters/cover-page.tex
<Images/logo-inpt.png, id=271, 902.6222pt x 444.15938pt>
File: Images/logo-inpt.png Graphic file (type png)
<use Images/logo-inpt.png>
Package pdftex.def Info: Images/logo-inpt.png  used on input line 3.
(pdftex.def)             Requested size: 99.28874pt x 48.85768pt.
<Images/logo-4d.jpg, id=273, 60.225pt x 85.06781pt>
File: Images/logo-4d.jpg Graphic file (type jpg)
<use Images/logo-4d.jpg>
Package pdftex.def Info: Images/logo-4d.jpg  used on input line 6.
(pdftex.def)             Requested size: 48.18005pt x 68.05434pt.


LaTeX Font Warning: Font shape `OT1/cmr/bx/sc' undefined
(Font)              using `OT1/cmr/bx/n' instead on input line 20.

LaTeX Font Info:    External font `cmex10' loaded for size
(Font)              <12> on input line 42.
LaTeX Font Info:    External font `cmex10' loaded for size
(Font)              <8> on input line 42.
LaTeX Font Info:    External font `cmex10' loaded for size
(Font)              <6> on input line 42.
<Images/ZLAFA.png, id=274, 548.80031pt x 210.03468pt>
File: Images/ZLAFA.png Graphic file (type png)
<use Images/ZLAFA.png>
Package pdftex.def Info: Images/ZLAFA.png  used on input line 61.
(pdftex.def)             Requested size: 439.04083pt x 168.02797pt.
[1


{C:/Users/bachi/AppData/Local/MiKTeX/fonts/map/pdftex/pdftex.map} <./Images/logo-inpt.png> <./Images/logo-4d.jpg> <./Images/ZLAFA.png>])
pdfTeX warning (ext4): destination with the same identifier (name{page.1}) has been already used, duplicate ignored
<to be read again> 
                   \relax 
l.59 \newpage
              [1


]
<Images/cover.png, id=289, 424.7067pt x 620.3175pt>
File: Images/cover.png Graphic file (type png)
<use Images/cover.png>
Package pdftex.def Info: Images/cover.png  used on input line 63.
(pdftex.def)             Requested size: 424.70564pt x 620.316pt.
 [1 <./Images/cover.png>]
\openout2 = `Chapters/Dedicace.aux'.

 (Chapters/Dedicace.tex
<Images/quote2.png, id=296, 813.0375pt x 813.0375pt>
File: Images/quote2.png Graphic file (type png)
<use Images/quote2.png>
Package pdftex.def Info: Images/quote2.png  used on input line 39.
(pdftex.def)             Requested size: 16.26418pt x 16.26418pt.
<Images/quote1.png, id=297, 813.0375pt x 813.0375pt>
File: Images/quote1.png Graphic file (type png)
<use Images/quote1.png>
Package pdftex.def Info: Images/quote1.png  used on input line 52.
(pdftex.def)             Requested size: 16.26418pt x 16.26418pt.
) [2


 <./Images/quote2.png> <./Images/quote1.png>]
\openout2 = `Chapters/Remerciements.aux'.

 (Chapters/Remerciements.tex
Underfull \hbox (badness 10000) in paragraph at lines 9--11

 []


Overfull \hbox (6.82361pt too wide) in paragraph at lines 12--14
[]\OT1/cmr/m/n/14.4 Je tiens ^^Ra re-mer-cier mon en-ca-drant en en-tre-prise 4D, \OT1/cmr/bx/sc/14.4 M. MET-WALLI Ayoub\OT1/cmr/m/n/14.4 ,
 []


Underfull \hbox (badness 10000) in paragraph at lines 12--14

 []


Underfull \hbox (badness 10000) in paragraph at lines 15--17

 []


Underfull \hbox (badness 10000) in paragraph at lines 18--20

 []


Underfull \hbox (badness 10000) in paragraph at lines 21--23

 []


Underfull \hbox (badness 10000) in paragraph at lines 24--26

 []


Underfull \hbox (badness 10000) in paragraph at lines 27--30

 []

) [3




]
\openout2 = `Chapters/molkhas.aux'.

 (Chapters/molkhas.tex
LaTeX Font Info:    Trying to load font information for U+xnsh on input line 1.
 (C:\Users\bachi\AppData\Local\Programs\MiKTeX\tex/latex/arabtex\uxnsh.fd
File: uxnsh.fd  1999/10/19 v3.10 ArabTeX Naskh extd. font definitions
)
LaTeX Font Info:    Font shape `U/xnsh/m/n' will be
(Font)              scaled to size 35.82726pt on input line 1.
<Images/molkhassss.png, id=308, 813.0375pt x 813.0375pt>
File: Images/molkhassss.png Graphic file (type png)
<use Images/molkhassss.png>
Package pdftex.def Info: Images/molkhassss.png  used on input line 15.
(pdftex.def)             Requested size: 496.33032pt x 496.32434pt.
) [4




 <./Images/molkhassss.png (PNG copy)>]
\openout2 = `Chapters/Resume.aux'.

 (Chapters/Resume.tex
Underfull \hbox (badness 10000) in paragraph at lines 17--26

 []

)
Underfull \hbox (badness 10000) in paragraph at lines 56--80

 []

[5




]
\openout2 = `Chapters/Abstract.aux'.

 (Chapters/Abstract.tex
Underfull \hbox (badness 10000) in paragraph at lines 7--13

 []


Underfull \hbox (badness 10000) in paragraph at lines 14--23

 []

) [6




] (main.lof
LaTeX Font Info:    External font `cmex10' loaded for size
(Font)              <14.4> on input line 3.
LaTeX Font Info:    External font `cmex10' loaded for size
(Font)              <7> on input line 3.
 [7



])
\tf@lof=\write7
\openout7 = `main.lof'.

 [8] (main.lot)
\tf@lot=\write8
\openout8 = `main.lot'.

 [9

]
\openout2 = `Chapters/acronyms.aux'.

 (Chapters/acronyms.tex) [10


] (main.toc [11



] [12])
\tf@toc=\write9
\openout9 = `main.toc'.

 [13]
\openout2 = `Chapters/Introduction.aux'.

 (Chapters/Introduction.tex
Underfull \hbox (badness 10000) in paragraph at lines 16--28

 []


Underfull \hbox (badness 10000) in paragraph at lines 29--39

 []

)
pdfTeX warning (ext4): destination with the same identifier (name{page.1}) has been already used, duplicate ignored
<to be read again> 
                   \relax 
l.108 \include{Chapters/Introduction}
                                      [1


]
\openout2 = `Chapters/chapter1.aux'.

 (Chapters/chapter1.tex
Chapitre 1.
[2




]
Overfull \hbox (4.82858pt too wide) in paragraph at lines 32--37
[]\OT1/cmr/m/n/14.4 4D Lo-gi-ciels, fond^^See en 1984 par Laurent Ri-bardi^^Rere, est une en-tre-prise pionni^^Rere
 []


Underfull \hbox (badness 10000) in paragraph at lines 32--37

 []

File: Images/logo-4d.jpg Graphic file (type jpg)
<use Images/logo-4d.jpg>
Package pdftex.def Info: Images/logo-4d.jpg  used on input line 44.
(pdftex.def)             Requested size: 48.18005pt x 68.05434pt.
<Images/groupe.png, id=614, 1353.55687pt x 634.62094pt>
File: Images/groupe.png Graphic file (type png)
<use Images/groupe.png>
Package pdftex.def Info: Images/groupe.png  used on input line 158.
(pdftex.def)             Requested size: 433.14705pt x 203.08284pt.
[3 <./Images/groupe.png>]
Overfull \hbox (1.03082pt too wide) in paragraph at lines 184--185
[]\OT1/cmr/bx/sc/14.4 4D Pro-fes-sio-nal Ser-vices :  \OT1/cmr/m/n/14.4 Il offre une pa-no-plie de ser-vices pour r^^Sepondre
 []

<Images/direction.jpg, id=621, 737.75626pt x 319.1925pt>
File: Images/direction.jpg Graphic file (type jpg)
<use Images/direction.jpg>
Package pdftex.def Info: Images/direction.jpg  used on input line 200.
(pdftex.def)             Requested size: 258.21855pt x 111.71904pt.
[4 <./Images/direction.jpg>]
Underfull \hbox (badness 10000) in paragraph at lines 219--220

 []

<Images/versions.jpg, id=632, 682.80093pt x 222.07968pt>
File: Images/versions.jpg Graphic file (type jpg)
<use Images/versions.jpg>
Package pdftex.def Info: Images/versions.jpg  used on input line 229.
(pdftex.def)             Requested size: 409.68372pt x 133.24883pt.

Overfull \hbox (4.91835pt too wide) in paragraph at lines 302--310
\OT1/cmr/m/n/14.4 chaque can-di-da-ture et v^^Serifier sa com-pa-ti-bi-lit^^Se avec l'offre pro-pos^^See, sur-tout lorsque
 []


Underfull \hbox (badness 10000) in paragraph at lines 302--310

 []

[5 <./Images/versions.jpg>]
<diag/Gantt.png, id=639, 811.833pt x 455.301pt>
File: diag/Gantt.png Graphic file (type png)
<use diag/Gantt.png>
Package pdftex.def Info: diag/Gantt.png  used on input line 416.
(pdftex.def)             Requested size: 487.10355pt x 273.1827pt.


LaTeX Warning: `h' float specifier changed to `ht'.

[6]
<Images/skype.png, id=644, 994.71625pt x 1003.75pt>
File: Images/skype.png Graphic file (type png)
<use Images/skype.png>
Package pdftex.def Info: Images/skype.png  used on input line 437.
(pdftex.def)             Requested size: 99.47745pt x 100.38087pt.


LaTeX Warning: `h' float specifier changed to `ht'.

<Images/git.jpg, id=647, 869.2475pt x 652.4375pt>
File: Images/git.jpg Graphic file (type jpg)
<use Images/git.jpg>
Package pdftex.def Info: Images/git.jpg  used on input line 451.
(pdftex.def)             Requested size: 260.77626pt x 195.73276pt.
[7 <./diag/Gantt.png>]
<Images/gitlab.jpg, id=655, 71.51718pt x 67.75313pt>
File: Images/gitlab.jpg Graphic file (type jpg)
<use Images/gitlab.jpg>
Package pdftex.def Info: Images/gitlab.jpg  used on input line 469.
(pdftex.def)             Requested size: 21.4553pt x 20.32608pt.
 [8 <./Images/skype.png> <./Images/git.jpg> <./Images/gitlab.jpg>]

Chapters/chapter1.tex:480: Package xkeyval Error: `scagit le' undefined in families `Gin'.

See the xkeyval package documentation for explanation.
Type  H <return>  for immediate help.
 ...                                              
                                                  
l.480 ...raphics[scagit le=0.7]{gitlab/whole2.jpg}
                                                   % Replace with the actual
Try typing  <return>  to proceed.
If that doesn't work, type  X <return>  to quit.

<gitlab/whole2.jpg, id=664, 763.35187pt x 360.34625pt>
File: gitlab/whole2.jpg Graphic file (type jpg)
<use gitlab/whole2.jpg>
Package pdftex.def Info: gitlab/whole2.jpg  used on input line 480.
(pdftex.def)             Requested size: 763.35pt x 360.34537pt.

Overfull \hbox (267.01968pt too wide) in paragraph at lines 480--481
 [][] 
 []

) [9 <./gitlab/whole2.jpg>]
\openout2 = `Chapters/chapter2.aux'.

 (Chapters/chapter2.tex
Chapitre 2.
[10




] [11]
<Images/BPMN2.png, id=683, 1568.86125pt x 556.0775pt>
File: Images/BPMN2.png Graphic file (type png)
<use Images/BPMN2.png>
Package pdftex.def Info: Images/BPMN2.png  used on input line 61.
(pdftex.def)             Requested size: 470.662pt x 166.82454pt.

Underfull \hbox (badness 1102) in paragraph at lines 83--83
[]|\OT1/cmr/bx/n/10.95 Fonctionnalit^^Ses prin-ci-
 []


Underfull \hbox (badness 10000) in paragraph at lines 87--91

 []


Overfull \hbox (14.22638pt too wide) in paragraph at lines 86--91
[]|[]| 
 []


Overfull \hbox (28.45276pt too wide) in paragraph at lines 92--95
[]|[]| 
 []


Overfull \hbox (22.7623pt too wide) in paragraph at lines 96--102
[]|[]| 
 []


Underfull \hbox (badness 10000) in paragraph at lines 103--103
[]|\OT1/cmr/bx/n/10.95 LinkedIn
 []


Underfull \hbox (badness 10000) in paragraph at lines 105--109

 []


Overfull \hbox (14.22638pt too wide) in paragraph at lines 104--109
[]|[]| 
 []


Overfull \hbox (28.45276pt too wide) in paragraph at lines 110--115
[]|[]| 
 []


Overfull \hbox (22.7623pt too wide) in paragraph at lines 116--121
[]|[]| 
 []


Overfull \hbox (14.22638pt too wide) in paragraph at lines 123--128
[]|[]| 
 []


Overfull \hbox (28.45276pt too wide) in paragraph at lines 129--134
[]|[]| 
 []


Underfull \hbox (badness 10000) in paragraph at lines 136--140

 []


Overfull \hbox (22.7623pt too wide) in paragraph at lines 135--142
[]|[]| 
 []


Underfull \hbox (badness 10000) in paragraph at lines 143--143
[]|\OT1/cmr/bx/n/10.95 Odoo :
 []


Underfull \hbox (badness 10000) in paragraph at lines 143--143
\OT1/cmr/bx/n/10.95 Mo-dule
 []


Underfull \hbox (badness 3713) in paragraph at lines 143--143
\OT1/cmr/bx/n/10.95 de re-cru-
 []


Overfull \hbox (14.22638pt too wide) in paragraph at lines 144--150
[]|[]| 
 []


Overfull \hbox (28.45276pt too wide) in paragraph at lines 151--156
[]|[]| 
 []


Underfull \hbox (badness 10000) in paragraph at lines 158--163

 []


Overfull \hbox (22.7623pt too wide) in paragraph at lines 157--164
[]|[]| 
 []

[12 <./Images/BPMN2.png>]
Underfull \hbox (badness 10000) in paragraph at lines 184--193

 []


Overfull \hbox (7.81168pt too wide) in paragraph at lines 255--264
[]\OT1/cmr/m/n/14.4 Afin d'at-teindre les ob-jec-tifs sou-hait^^Ses, il est im-por-tant d'iden-ti-fier avec pr^^Secision
 []


Underfull \hbox (badness 10000) in paragraph at lines 255--264

 []

[13] [14]
Overfull \hbox (2.8769pt too wide) in paragraph at lines 349--352
[]\OT1/cmr/m/n/14.4 Mettre en place des me-sures de s^^Securit^^Se ro-bustes pour prot^^Seger les donn^^Sees
 []

[15]
<Images/Candidat1.jpg, id=703, 489.83pt x 366.36874pt>
File: Images/Candidat1.jpg Graphic file (type jpg)
<use Images/Candidat1.jpg>
Package pdftex.def Info: Images/Candidat1.jpg  used on input line 405.
(pdftex.def)             Requested size: 489.8288pt x 366.36784pt.
 [16 <./Images/Candidat1.jpg>]
<Images/recruteur.jpg, id=709, 766.865pt x 429.605pt>
File: Images/recruteur.jpg Graphic file (type jpg)
<use Images/recruteur.jpg>
Package pdftex.def Info: Images/recruteur.jpg  used on input line 416.
(pdftex.def)             Requested size: 513.79689pt x 287.83385pt.

Overfull \hbox (17.46657pt too wide) in paragraph at lines 416--417
 [][] 
 []

<Images/admin uc.png, id=710, 1957.3125pt x 1228.59pt>
File: Images/admin uc.png Graphic file (type png)
<use Images/admin uc.png>
Package pdftex.def Info: Images/admin uc.png  used on input line 427.
(pdftex.def)             Requested size: 391.45557pt x 245.71364pt.
[17 <./Images/recruteur.jpg>]
Underfull \hbox (badness 2846) in paragraph at lines 457--458
\OT1/cmr/m/n/12 titre, des-crip-tion, comp^^Setences re-
 []


Overfull \hbox (17.62482pt too wide) in paragraph at lines 442--469
[]$[]$ 
 []

[18 <./Images/admin uc.png>]
Underfull \hbox (badness 1365) in paragraph at lines 494--495
[]\OT1/cmr/m/n/12 Aucune offre ne cor-res-pond ^^Ra ses
 []


Overfull \hbox (17.62482pt too wide) in paragraph at lines 472--505
[]$[]$ 
 []

[19]
Overfull \hbox (17.62482pt too wide) in paragraph at lines 507--537
[]$[]$ 
 []

[20]) [21]
\openout2 = `Chapters/chapitre3.aux'.

 (Chapters/chapitre3.tex
Chapitre 3.
[22




]
Underfull \hbox (badness 10000) in paragraph at lines 40--51

 []

<Images/1.jpg, id=763, 524.45938pt x 256.45813pt>
File: Images/1.jpg Graphic file (type jpg)
<use Images/1.jpg>
Package pdftex.def Info: Images/1.jpg  used on input line 56.
(pdftex.def)             Requested size: 419.56807pt x 205.16676pt.
<Images/2.jpg, id=764, 493.845pt x 243.91125pt>
File: Images/2.jpg Graphic file (type jpg)
<use Images/2.jpg>
Package pdftex.def Info: Images/2.jpg  used on input line 64.
(pdftex.def)             Requested size: 395.07652pt x 195.12926pt.
<Images/3.jpg, id=765, 505.89pt x 206.7725pt>
File: Images/3.jpg Graphic file (type jpg)
<use Images/3.jpg>
Package pdftex.def Info: Images/3.jpg  used on input line 71.
(pdftex.def)             Requested size: 505.88875pt x 206.77199pt.

Overfull \hbox (9.55843pt too wide) in paragraph at lines 71--72
 [][] 
 []

<Images/4.jpg, id=766, 381.425pt x 161.60374pt>
File: Images/4.jpg Graphic file (type jpg)
<use Images/4.jpg>
Package pdftex.def Info: Images/4.jpg  used on input line 78.
(pdftex.def)             Requested size: 533.99135pt x 226.2437pt.

Overfull \hbox (37.66103pt too wide) in paragraph at lines 78--79
 [][] 
 []

<Images/5.jpg, id=767, 415.5525pt x 170.13562pt>
File: Images/5.jpg Graphic file (type jpg)
<use Images/5.jpg>
Package pdftex.def Info: Images/5.jpg  used on input line 85.
(pdftex.def)             Requested size: 498.6605pt x 204.1617pt.

Overfull \hbox (2.33018pt too wide) in paragraph at lines 85--86
 [][] 
 []


Overfull \hbox (9.41502pt too wide) in paragraph at lines 103--110
[]\OT1/cmr/m/n/14.4 Notre ap-pli-ca-tion adopte une ar-chi-tec-ture client/serveur multi-tiers. Les requ^etes
 []

[23 <./Images/1.jpg>] [24 <./Images/2.jpg> <./Images/3.jpg> <./Images/4.jpg>]
<Images/physique.jpg, id=777, 740.0147pt x 303.38344pt>
File: Images/physique.jpg Graphic file (type jpg)
<use Images/physique.jpg>
Package pdftex.def Info: Images/physique.jpg  used on input line 114.
(pdftex.def)             Requested size: 296.00063pt x 121.35121pt.
 [25 <./Images/5.jpg> <./Images/physique.jpg>]
<Images/archiLogic.png, id=782, 1647.15375pt x 2352.53906pt>
File: Images/archiLogic.png Graphic file (type png)
<use Images/archiLogic.png>
Package pdftex.def Info: Images/archiLogic.png  used on input line 142.
(pdftex.def)             Requested size: 164.72502pt x 235.26768pt.

Underfull \hbox (badness 10000) in paragraph at lines 147--149

 []


Underfull \hbox (badness 10000) in paragraph at lines 150--152

 []


Underfull \hbox (badness 10000) in paragraph at lines 156--165

 []

[26 <./Images/archiLogic.png>]
<diag/class2.png, id=788, 705.53587pt x 612.03656pt>
File: diag/class2.png Graphic file (type png)
<use diag/class2.png>
Package pdftex.def Info: diag/class2.png  used on input line 197.
(pdftex.def)             Requested size: 423.32478pt x 367.22476pt.

Overfull \hbox (7.11176pt too wide) in paragraph at lines 203--210
[]\OT1/cmr/m/n/14.4 Ce dia-gramme pr^^Sesente plu-sieurs classes es-sen-tielles pour la ges-tion d'un syst^^Reme
 []

[27 <./diag/class2.png>]
<diag/auth.png, id=793, 845.1575pt x 1064.97874pt>
File: diag/auth.png Graphic file (type png)
<use diag/auth.png>
Package pdftex.def Info: diag/auth.png  used on input line 220.
(pdftex.def)             Requested size: 422.57771pt x 532.48807pt.

Underfull \hbox (badness 10000) in paragraph at lines 224--226

 []

<diag/2.png, id=794, 824.07875pt x 725.71124pt>
File: diag/2.png Graphic file (type png)
<use diag/2.png>
Package pdftex.def Info: diag/2.png  used on input line 229.
(pdftex.def)             Requested size: 412.03836pt x 362.85474pt.
[28 <./diag/auth.png>]
<diag/sd3.jpg, id=801, 785.93625pt x 444.15938pt>
File: diag/sd3.jpg Graphic file (type jpg)
<use diag/sd3.jpg>
Package pdftex.def Info: diag/sd3.jpg  used on input line 237.
(pdftex.def)             Requested size: 471.56538pt x 266.49767pt.
 [29 <./diag/2.png> <./diag/sd3.jpg>]) [30]
\openout2 = `Chapters/chapitre4.aux'.

 (Chapters/chapitre4.tex
Chapitre 4.
[31




]
<Images/figma.png, id=815, 1027.84pt x 1541.76pt>
File: Images/figma.png Graphic file (type png)
<use Images/figma.png>
Package pdftex.def Info: Images/figma.png  used on input line 43.
(pdftex.def)             Requested size: 30.83386pt x 46.2508pt.

Underfull \hbox (badness 10000) in paragraph at lines 47--53

 []

<Images/lucid.jpeg, id=819, 332.24126pt x 351.3125pt>
File: Images/lucid.jpeg Graphic file (type jpg)
<use Images/lucid.jpeg>
Package pdftex.def Info: Images/lucid.jpeg  used on input line 58.
(pdftex.def)             Requested size: 66.44707pt x 70.26125pt.
<Images/vs.png, id=823, 813.0375pt x 813.0375pt>
File: Images/vs.png Graphic file (type png)
<use Images/vs.png>
Package pdftex.def Info: Images/vs.png  used on input line 75.
(pdftex.def)             Requested size: 48.78014pt x 48.78014pt.

Underfull \hbox (badness 10000) in paragraph at lines 80--85

 []

[32 <./Images/figma.png> <./Images/lucid.jpeg> <./Images/vs.png>]
<Images/4dcl.png, id=833, 371.13657pt x 371.13657pt>
File: Images/4dcl.png Graphic file (type png)
<use Images/4dcl.png>
Package pdftex.def Info: Images/4dcl.png  used on input line 91.
(pdftex.def)             Requested size: 74.22598pt x 74.22598pt.

Underfull \hbox (badness 10000) in paragraph at lines 96--105

 []

<Images/4dsrv.png, id=837, 385.44pt x 385.44pt>
File: Images/4dsrv.png Graphic file (type png)
<use Images/4dsrv.png>
Package pdftex.def Info: Images/4dsrv.png  used on input line 111.
(pdftex.def)             Requested size: 77.08662pt x 77.08662pt.

Underfull \hbox (badness 10000) in paragraph at lines 116--128

 []


Underfull \hbox (badness 10000) in paragraph at lines 129--131

 []

<Images/postman.png, id=841, 169.38281pt x 169.38281pt>
File: Images/postman.png Graphic file (type png)
<use Images/postman.png>
Package pdftex.def Info: Images/postman.png  used on input line 137.
(pdftex.def)             Requested size: 67.7519pt x 67.7519pt.
[33 <./Images/4dcl.png> <./Images/4dsrv.png>]
Overfull \hbox (17.94672pt too wide) in paragraph at lines 142--152
\OT1/cmr/m/n/14.4 et ef-fec-tuer des tests au-to-ma-tis^^Ses pour s'as-su-rer que l'API fonc-tionne correctement[[]].
 []


Underfull \hbox (badness 10000) in paragraph at lines 142--152

 []

File: Images/gitlab.jpg Graphic file (type jpg)
<use Images/gitlab.jpg>
Package pdftex.def Info: Images/gitlab.jpg  used on input line 158.
(pdftex.def)             Requested size: 42.91063pt x 40.65218pt.
File: Images/logo-4d.jpg Graphic file (type jpg)
<use Images/logo-4d.jpg>
Package pdftex.def Info: Images/logo-4d.jpg  used on input line 173.
(pdftex.def)             Requested size: 48.18005pt x 68.05434pt.

Overfull \hbox (5.78004pt too wide) in paragraph at lines 177--184
\OT1/cmr/m/n/14.4 d'ap-pli-ca-tions en four-nis-sant des fonc-tion-na-lit^^Ses sp^^Secifiques ^^Ra la ges-tion des donn^^Sees
 []


Underfull \hbox (badness 10000) in paragraph at lines 177--184

 []

[34 <./Images/postman.png>]
Underfull \hbox (badness 10000) in paragraph at lines 185--187

 []

<Images/ts.png, id=862, 1204.5pt x 1204.5pt>
File: Images/ts.png Graphic file (type png)
<use Images/ts.png>
Package pdftex.def Info: Images/ts.png  used on input line 192.
(pdftex.def)             Requested size: 60.22852pt x 60.22852pt.

Underfull \hbox (badness 10000) in paragraph at lines 197--210

 []

<Images/html.png, id=866, 481.8pt x 481.8pt>
File: Images/html.png Graphic file (type png)
<use Images/html.png>
Package pdftex.def Info: Images/html.png  used on input line 215.
(pdftex.def)             Requested size: 72.26688pt x 72.26688pt.

Underfull \hbox (badness 10000) in paragraph at lines 220--227

 []

<Images/react.png, id=870, 903.375pt x 638.385pt>
File: Images/react.png Graphic file (type png)
<use Images/react.png>
Package pdftex.def Info: Images/react.png  used on input line 233.
(pdftex.def)             Requested size: 90.34279pt x 63.84222pt.
[35 <./Images/ts.png> <./Images/html.png>]
Underfull \hbox (badness 10000) in paragraph at lines 238--252

 []

<Images/tailwind.png, id=880, 155.83218pt x 94.10156pt>
File: Images/tailwind.png Graphic file (type png)
<use Images/tailwind.png>
Package pdftex.def Info: Images/tailwind.png  used on input line 257.
(pdftex.def)             Requested size: 77.9159pt x 47.05066pt.

Underfull \hbox (badness 10000) in paragraph at lines 262--277

 []

<Images/axios.png, id=884, 259.97125pt x 194.7275pt>
File: Images/axios.png Graphic file (type png)
<use Images/axios.png>
Package pdftex.def Info: Images/axios.png  used on input line 282.
(pdftex.def)             Requested size: 129.9853pt x 97.3635pt.

LaTeX Warning: `h' float specifier changed to `ht'.


Underfull \hbox (badness 10000) in paragraph at lines 286--299

 []

[36 <./Images/react.png> <./Images/tailwind.png>]
<Images/cy.jpg, id=893, 169.38281pt x 168.63pt>
File: Images/cy.jpg Graphic file (type jpg)
<use Images/cy.jpg>
Package pdftex.def Info: Images/cy.jpg  used on input line 304.
(pdftex.def)             Requested size: 101.63046pt x 101.17877pt.
<screens/accueil2.jpg, id=897, 346.79562pt x 379.91937pt>
File: screens/accueil2.jpg Graphic file (type jpg)
<use screens/accueil2.jpg>
Package pdftex.def Info: screens/accueil2.jpg  used on input line 343.
(pdftex.def)             Requested size: 242.75528pt x 265.94173pt.
 [37 <./Images/axios.png> <./Images/cy.jpg>]
<screens/signin.jpg, id=903, 963.6pt x 475.7775pt>
File: screens/signin.jpg Graphic file (type jpg)
<use screens/signin.jpg>
Package pdftex.def Info: screens/signin.jpg  used on input line 359.
(pdftex.def)             Requested size: 481.79883pt x 237.88815pt.
<screens/forgot.jpg, id=905, 743.02594pt x 369.63094pt>
File: screens/forgot.jpg Graphic file (type jpg)
<use screens/forgot.jpg>
Package pdftex.def Info: screens/forgot.jpg  used on input line 374.
(pdftex.def)             Requested size: 445.819pt x 221.78026pt.
 [38 <./screens/accueil2.jpg>]
Overfull \hbox (15.25822pt too wide) in paragraph at lines 382--384
[]\OT1/cmr/m/n/14.4 Sinon, si l'adresse mail est trouv^^See, l'uti-li-sa-teur re-ce-vra un email de r^^Seinitialisation
 []

[39 <./screens/signin.jpg> <./screens/forgot.jpg>]
<screens/mailForgot.png, id=915, 1445.4pt x 725.8317pt>
File: screens/mailForgot.png Graphic file (type png)
<use screens/mailForgot.png>
Package pdftex.def Info: screens/mailForgot.png  used on input line 387.
(pdftex.def)             Requested size: 375.79514pt x 188.71179pt.
<screens/signup.jpg, id=917, 963.6pt x 476.27937pt>
File: screens/signup.jpg Graphic file (type jpg)
<use screens/signup.jpg>
Package pdftex.def Info: screens/signup.jpg  used on input line 407.
(pdftex.def)             Requested size: 385.43317pt x 190.50836pt.

Underfull \hbox (badness 10000) in paragraph at lines 413--419

 []

[40 <./screens/mailForgot.png> <./screens/signup.jpg>]
Underfull \hbox (badness 10000) in paragraph at lines 420--427

 []

<screens/profill.png, id=925, 1445.4pt x 1603.49063pt>
File: screens/profill.png Graphic file (type png)
<use screens/profill.png>
Package pdftex.def Info: screens/profill.png  used on input line 431.
(pdftex.def)             Requested size: 433.62335pt x 481.0509pt.
[41 <./screens/profill.png>]
Underfull \hbox (badness 10000) in paragraph at lines 439--450

 []

<screens/cartes.png, id=932, 1927.2pt x 1479.5275pt>
File: screens/cartes.png Graphic file (type png)
<use screens/cartes.png>
Package pdftex.def Info: screens/cartes.png  used on input line 454.
(pdftex.def)             Requested size: 385.43318pt x 295.90025pt.
<screens/consultOffer.png, id=934, 1443.9546pt x 1033.7019pt>
File: screens/consultOffer.png Graphic file (type png)
<use screens/consultOffer.png>
Package pdftex.def Info: screens/consultOffer.png  used on input line 470.
(pdftex.def)             Requested size: 288.78581pt x 206.73671pt.

Underfull \hbox (badness 10000) in paragraph at lines 476--481

 []

[42 <./screens/cartes.png>]
<screens/confirmJob2.png, id=941, 1901.1025pt x 893.3375pt>
File: screens/confirmJob2.png Graphic file (type png)
<use screens/confirmJob2